UBI/proguard/seeds.txt
com.modusgo.ubi.AlertsActivity
com.modusgo.ubi.AlertsActivity: AlertsActivity()
com.modusgo.ubi.CompareActivity
com.modusgo.ubi.CompareActivity: CompareActivity()
com.modusgo.ubi.CompareActivity$Paramater: com.modusgo.ubi.CompareActivity$Paramater[] values()
com.modusgo.ubi.CompareActivity$Paramater: com.modusgo.ubi.CompareActivity$Paramater valueOf(java.lang.String)
com.modusgo.ubi.DiagnosticDetailActivity
com.modusgo.ubi.DiagnosticDetailActivity: DiagnosticDetailActivity()
com.modusgo.ubi.DriverActivity
com.modusgo.ubi.DriverActivity: DriverActivity()
com.modusgo.ubi.DriverSetupActivity
com.modusgo.ubi.DriverSetupActivity: DriverSetupActivity()
com.modusgo.ubi.DriversLocationsActivity
com.modusgo.ubi.DriversLocationsActivity: DriversLocationsActivity()
com.modusgo.ubi.EducationActivity
com.modusgo.ubi.EducationActivity: EducationActivity()
com.modusgo.ubi.FindMechanicActivity
com.modusgo.ubi.FindMechanicActivity: FindMechanicActivity()
com.modusgo.ubi.FindMyCarActivity
com.modusgo.ubi.FindMyCarActivity: FindMyCarActivity()
com.modusgo.ubi.GeofenceActivity
com.modusgo.ubi.GeofenceActivity: GeofenceActivity()
com.modusgo.ubi.HomeActivity
com.modusgo.ubi.HomeActivity: HomeActivity()
com.modusgo.ubi.InitActivity
com.modusgo.ubi.InitActivity: InitActivity()
com.modusgo.ubi.MainActivity
com.modusgo.ubi.MainActivity: MainActivity()
com.modusgo.ubi.MainActivity$MenuItems: com.modusgo.ubi.MainActivity$MenuItems[] values()
com.modusgo.ubi.MainActivity$MenuItems: com.modusgo.ubi.MainActivity$MenuItems valueOf(java.lang.String)
com.modusgo.ubi.MapActivity
com.modusgo.ubi.MapActivity: MapActivity()
com.modusgo.ubi.RecallActivity
com.modusgo.ubi.RecallActivity: RecallActivity()
com.modusgo.ubi.ScoreCirclesActivity
com.modusgo.ubi.ScoreCirclesActivity: ScoreCirclesActivity()
com.modusgo.ubi.ScoreInfoActivity
com.modusgo.ubi.ScoreInfoActivity: ScoreInfoActivity()
com.modusgo.ubi.ScorePieChartActivity
com.modusgo.ubi.ScorePieChartActivity: ScorePieChartActivity()
com.modusgo.ubi.SettingsActivity
com.modusgo.ubi.SettingsActivity: SettingsActivity()
com.modusgo.ubi.SignInActivity
com.modusgo.ubi.SignInActivity: SignInActivity()
com.modusgo.ubi.Trip$EventType: com.modusgo.ubi.Trip$EventType[] values()
com.modusgo.ubi.Trip$EventType: com.modusgo.ubi.Trip$EventType valueOf(java.lang.String)
com.modusgo.ubi.TripActivity
com.modusgo.ubi.TripActivity: TripActivity()
com.modusgo.ubi.WelcomeActivity
com.modusgo.ubi.WelcomeActivity: WelcomeActivity()
com.modusgo.ubi.customviews.CheckedRelativeLayout
com.modusgo.ubi.customviews.CheckedRelativeLayout: CheckedRelativeLayout(android.content.Context,android.util.AttributeSet,int)
com.modusgo.ubi.customviews.CheckedRelativeLayout: CheckedRelativeLayout(android.content.Context,android.util.AttributeSet)
com.modusgo.ubi.customviews.CheckedRelativeLayout: CheckedRelativeLayout(android.content.Context)
com.modusgo.ubi.customviews.CheckedRelativeLayout: void setChecked(boolean)
com.modusgo.ubi.customviews.CheckedTypefacedTextView
com.modusgo.ubi.customviews.CheckedTypefacedTextView: CheckedTypefacedTextView(android.content.Context,android.util.AttributeSet)
com.modusgo.ubi.customviews.CircularProgressBar: void setProgress(int)
com.modusgo.ubi.customviews.CircularProgressBar: void setTitle(java.lang.String)
com.modusgo.ubi.customviews.CircularProgressBar: void setSubTitle(java.lang.String)
com.modusgo.ubi.customviews.CircularProgressBar: void setSubTitleColor(int)
com.modusgo.ubi.customviews.CircularProgressBar: void setTitleColor(int)
com.modusgo.ubi.customviews.CircularProgressBar: void setSubTitleTypeface(android.graphics.Typeface)
com.modusgo.ubi.customviews.CircularProgressBar: void setTitleTypeface(android.graphics.Typeface)
com.modusgo.ubi.customviews.CircularProgressBar: java.lang.String getTitle()
com.modusgo.ubi.customviews.CircularProgressBar: void setAlpha(float)
...
com.viewpagerindicator.IconPageIndicator: void setViewPager(android.support.v4.view.ViewPager)
com.viewpagerindicator.IconPageIndicator: void setCurrentItem(int)
com.viewpagerindicator.IconPageIndicator: void setOnPageChangeListener(android.support.v4.view.ViewPager$OnPageChangeListener)
com.viewpagerindicator.LinePageIndicator: void setCentered(boolean)
com.viewpagerindicator.LinePageIndicator: void setUnselectedColor(int)
com.viewpagerindicator.LinePageIndicator: int getUnselectedColor()
com.viewpagerindicator.LinePageIndicator: void setSelectedColor(int)
com.viewpagerindicator.LinePageIndicator: int getSelectedColor()
com.viewpagerindicator.LinePageIndicator: void setLineWidth(float)
com.viewpagerindicator.LinePageIndicator: float getLineWidth()
com.viewpagerindicator.LinePageIndicator: void setStrokeWidth(float)
com.viewpagerindicator.LinePageIndicator: float getStrokeWidth()
com.viewpagerindicator.LinePageIndicator: void setGapWidth(float)
com.viewpagerindicator.LinePageIndicator: float getGapWidth()
com.viewpagerindicator.LinePageIndicator: void setViewPager(android.support.v4.view.ViewPager)
com.viewpagerindicator.LinePageIndicator: void setCurrentItem(int)
com.viewpagerindicator.LinePageIndicator: void setOnPageChangeListener(android.support.v4.view.ViewPager$OnPageChangeListener)
com.viewpagerindicator.LinePageIndicator$SavedState
com.viewpagerindicator.LinePageIndicator$SavedState: android.os.Parcelable$Creator CREATOR
com.viewpagerindicator.R$anim: int abc_fade_in
com.viewpagerindicator.R$anim: int abc_fade_out
com.viewpagerindicator.R$anim: int abc_slide_in_bottom
com.viewpagerindicator.R$anim: int abc_slide_in_top
com.viewpagerindicator.R$anim: int abc_slide_out_bottom
com.viewpagerindicator.R$anim: int abc_slide_out_top
com.viewpagerindicator.R$attr: int actionBarDivider
com.viewpagerindicator.R$attr: int actionBarItemBackground
com.viewpagerindicator.R$attr: int actionBarSize
com.viewpagerindicator.R$attr: int actionBarSplitStyle
com.viewpagerindicator.R$attr: int actionBarStyle
com.viewpagerindicator.R$attr: int actionBarTabBarStyle
com.viewpagerindicator.R$attr: int actionBarTabStyle
com.viewpagerindicator.R$attr: int actionBarTabTextStyle
com.viewpagerindicator.R$attr: int actionBarWidgetTheme
com.viewpagerindicator.R$attr: int actionButtonStyle
com.viewpagerindicator.R$attr: int actionDropDownStyle
com.viewpagerindicator.R$attr: int actionLayout
com.viewpagerindicator.R$attr: int actionMenuTextAppearance
com.viewpagerindicator.R$attr: int actionMenuTextColor
com.viewpagerindicator.R$attr: int actionModeBackground
com.viewpagerindicator.R$attr: int actionModeCloseButtonStyle
com.viewpagerindicator.R$attr: int actionModeCloseDrawable
com.viewpagerindicator.R$attr: int actionModeCopyDrawable
com.viewpagerindicator.R$attr: int actionModeCutDrawable
com.viewpagerindicator.R$attr: int actionModeFindDrawable
com.viewpagerindicator.R$attr: int actionModePasteDrawable
com.viewpagerindicator.R$attr: int actionModePopupWindowStyle
com.viewpagerindicator.R$attr: int actionModeSelectAllDrawable
com.viewpagerindicator.R$attr: int actionModeShareDrawable
com.viewpagerindicator.R$attr: int actionModeSplitBackground
com.viewpagerindicator.R$attr: int actionModeStyle