UBI/proguard/mapping.txt
com.modusgo.ubi.AlertsActivity -> com.modusgo.ubi.AlertsActivity:
    long vehicleId -> n
    android.widget.ListView lvAlerts -> o
    android.widget.LinearLayout llProgress -> p
    java.util.ArrayList alerts -> q
    com.modusgo.ubi.AlertsActivity$AlertsAdapter adapter -> r
    54:100:void onCreate(android.os.Bundle) -> onCreate
    103:138:java.util.ArrayList getAlertsFromDB() -> i
    142:146:void updateAlertsList() -> j
    150:153:void onResume() -> onResume
    157:159:void onSaveInstanceState(android.os.Bundle) -> onSaveInstanceState
    141:141:void access$0(com.modusgo.ubi.AlertsActivity) -> a
com.modusgo.ubi.AlertsActivity$Alert -> com.modusgo.ubi.a:
    long id -> a
    long vehicleId -> b
    long tripId -> c
    java.lang.String type -> d
    java.lang.String timestamp -> e
    java.lang.String description -> f
    com.google.android.gms.maps.model.LatLng location -> g
    java.lang.String seenAt -> h
    com.modusgo.ubi.AlertsActivity this$0 -> i
com.modusgo.ubi.AlertsActivity$AlertsAdapter -> com.modusgo.ubi.b:
    java.text.SimpleDateFormat sdfFrom -> a
    java.text.SimpleDateFormat sdfTo -> b
    android.graphics.Typeface typefaceBold -> c
    android.graphics.Typeface typefaceLight -> d
    com.modusgo.ubi.AlertsActivity this$0 -> e
    195:256:android.view.View getView(int,android.view.View,android.view.ViewGroup) -> getView
    178:178:com.modusgo.ubi.AlertsActivity access$0(com.modusgo.ubi.AlertsActivity$AlertsAdapter) -> a
com.modusgo.ubi.AlertsActivity$AlertsAdapter$1 -> com.modusgo.ubi.c:
    com.modusgo.ubi.AlertsActivity$AlertsAdapter this$1 -> a
    com.modusgo.ubi.AlertsActivity$Alert val$alert -> b
    243:248:void onClick(android.view.View) -> onClick
com.modusgo.ubi.AlertsActivity$GetAlertsTask -> com.modusgo.ubi.d:
    com.modusgo.ubi.AlertsActivity this$0 -> a
    274:279:void onPreExecute() -> onPreExecute
    283:286:void onPostExecute(org.json.JSONObject) -> a
    290:294:org.json.JSONObject doInBackground(java.lang.String[]) -> a
    299:326:void onSuccess(org.json.JSONObject) -> b
com.modusgo.ubi.AlertsActivity$MarkAlertViewedTask -> com.modusgo.ubi.e:
    long alertId -> a
    com.modusgo.ubi.AlertsActivity this$0 -> b
    340:342:org.json.JSONObject doInBackground(java.lang.String[]) -> a
    348:348:void onError(java.lang.String) -> a
com.modusgo.ubi.AlertsActivity$ViewHolder -> com.modusgo.ubi.f:
    android.widget.TextView tvEvent -> a
    android.widget.TextView tvDate -> b
    android.widget.ImageView imageArrow -> c
    com.modusgo.ubi.AlertsActivity this$0 -> d
com.modusgo.ubi.CirclesFragment -> com.modusgo.ubi.g:
    android.content.SharedPreferences prefs -> a
    android.widget.TextView tvPopup -> b
    boolean showTipPopup -> c
    java.util.ArrayList sections -> d
    44:66:android.view.View onCreateView(android.view.LayoutInflater,android.view.ViewGroup,android.os.Bundle) -> a
    70:75:void disableTipPopup() -> a
    79:125:void onViewCreated(android.view.View,android.os.Bundle) -> a
    128:274:android.view.View createNewRow(com.modusgo.ubi.ScoreCirclesActivity$CirclesSection,android.view.LayoutInflater) -> a
    279:281:void onSaveInstanceState(android.os.Bundle) -> e
    69:69:void access$0(com.modusgo.ubi.CirclesFragment) -> a
com.modusgo.ubi.CirclesFragment$1 -> com.modusgo.ubi.h:
    com.modusgo.ubi.CirclesFragment this$0 -> a
    87:91:void onLayout(boolean,int,int,int,int) -> onLayout
com.modusgo.ubi.CirclesFragment$2 -> com.modusgo.ubi.i:
    com.modusgo.ubi.CirclesFragment this$0 -> a
    114:115:void onClick(android.view.View) -> onClick
...
com.google.android.gms.maps.internal.IProjectionDelegate -> com.google.android.gms.maps.a.p:
    com.google.android.gms.maps.model.LatLng fromScreenLocation(com.google.android.gms.dynamic.d) -> a
    com.google.android.gms.dynamic.d toScreenLocation(com.google.android.gms.maps.model.LatLng) -> a
    com.google.android.gms.maps.model.VisibleRegion getVisibleRegion() -> a
com.google.android.gms.maps.internal.IProjectionDelegate$a -> com.google.android.gms.maps.a.q:
    com.google.android.gms.maps.internal.IProjectionDelegate aR(android.os.IBinder) -> a
    boolean onTransact(int,android.os.Parcel,android.os.Parcel,int) -> onTransact
com.google.android.gms.maps.internal.IProjectionDelegate$a$a -> com.google.android.gms.maps.a.r:
    android.os.IBinder kq -> a
    android.os.IBinder asBinder() -> asBinder
    com.google.android.gms.maps.model.LatLng fromScreenLocation(com.google.android.gms.dynamic.d) -> a
    com.google.android.gms.dynamic.d toScreenLocation(com.google.android.gms.maps.model.LatLng) -> a
    com.google.android.gms.maps.model.VisibleRegion getVisibleRegion() -> a
com.google.android.gms.maps.internal.IStreetViewPanoramaDelegate -> com.google.android.gms.maps.a.s:
    void enableZoom(boolean) -> a
    void enablePanning(boolean) -> b
    void enableUserNavigation(boolean) -> c
    void enableStreetNames(boolean) -> d
    boolean isZoomGesturesEnabled() -> a
    boolean isPanningGesturesEnabled() -> b
    boolean isUserNavigationEnabled() -> c
    boolean isStreetNamesEnabled() -> d
    void animateTo(com.google.android.gms.maps.model.StreetViewPanoramaCamera,long) -> a
    com.google.android.gms.maps.model.StreetViewPanoramaCamera getPanoramaCamera() -> e
    void setPositionWithID(java.lang.String) -> a
    void setPosition(com.google.android.gms.maps.model.LatLng) -> a
    void setPositionWithRadius(com.google.android.gms.maps.model.LatLng,int) -> a
    com.google.android.gms.maps.model.StreetViewPanoramaLocation getStreetViewPanoramaLocation() -> f
    void setOnStreetViewPanoramaChangeListener(com.google.android.gms.maps.internal.q) -> a
    void setOnStreetViewPanoramaCameraChangeListener(com.google.android.gms.maps.internal.p) -> a
    void setOnStreetViewPanoramaClickListener(com.google.android.gms.maps.internal.r) -> a
    com.google.android.gms.maps.model.StreetViewPanoramaOrientation pointToOrientation(com.google.android.gms.dynamic.d) -> a
    com.google.android.gms.dynamic.d orientationToPoint(com.google.android.gms.maps.model.StreetViewPanoramaOrientation) -> a
com.google.android.gms.maps.internal.IStreetViewPanoramaDelegate$a -> com.google.android.gms.maps.a.t:
    com.google.android.gms.maps.internal.IStreetViewPanoramaDelegate aT(android.os.IBinder) -> a
    boolean onTransact(int,android.os.Parcel,android.os.Parcel,int) -> onTransact