UBI/proguard/usage.txt
com.modusgo.ubi.CirclesFragment:
    public static final java.lang.String SAVED_SECTIONS
com.modusgo.ubi.Constants:
    public static final java.lang.String HOCKEY_APP_ID
    public static final java.lang.String GCM_SENDER_ID
    public static final java.lang.String DATE_TIME_FORMAT
    public static final java.lang.String DATE_TIME_FORMAT_ZULU
    public static final java.lang.String PREF_CURRENT_DRIVER
    public static final java.lang.String PREF_AUTH_KEY
    public static final java.lang.String PREF_CLIENT_ID
    public static final java.lang.String PREF_SHOW_TIP_POPUP
    public static final java.lang.String PREF_WELCOME_PAGES
    public static final java.lang.String PREF_UNITS_OF_MEASURE
    public static final java.lang.String PREF_DRIVER_ID
    public static final java.lang.String PREF_VEHICLE_ID
    public static final java.lang.String PREF_FIRST_NAME
    public static final java.lang.String PREF_LAST_NAME
    public static final java.lang.String PREF_EMAIL
    public static final java.lang.String PREF_ROLE
    public static final java.lang.String PREF_PHONE
    public static final java.lang.String PREF_TIMEZONE
    public static final java.lang.String PREF_PHOTO
    public static final java.lang.String PREF_DIAGNOSTIC
    public static final java.lang.String PREF_DEVICE_MEID
    public static final java.lang.String PREF_DEVICE_TYPE
    public static final java.lang.String PREF_DEVICE_EVENTS
    public static final java.lang.String PREF_DEVICE_TRIPS
    public static final java.lang.String PREF_DEVICE_IN_TRIP
com.modusgo.ubi.DiagnosticDetailActivity:
    public static final java.lang.String EXTRA_DTC
com.modusgo.ubi.DiagnosticsFragment:
    private static final java.lang.String ERROR_STATUS_MESSAGE
com.modusgo.ubi.DiagnosticsTroubleCode:
    private static final long serialVersionUID
com.modusgo.ubi.DriverActivity:
    public static final java.lang.String SAVED_DRIVER
    256:259:public android.view.animation.Animation fadeOutAnimation()
    264:267:public android.view.animation.Animation fadeInAnimation()
com.modusgo.ubi.EducationActivity:
    public static final java.lang.String SAVED_STRING_RESOURCE
com.modusgo.ubi.FindMechanicActivity:
    public static final java.lang.String EXTRA_TRIP_ID
com.modusgo.ubi.FindMyCarActivity:
    public static final java.lang.String EXTRA_POINTS
com.modusgo.ubi.FindMyCarActivity$ErrorDialogFragment
com.modusgo.ubi.LimitsFragment:
    572:575:private java.lang.String getTime24String(int,int)
com.modusgo.ubi.MainActivity:
    487:489:public void showFeedbackActivity()
com.modusgo.ubi.MainActivity$MenuItems:
    73:73:public int toInt()
    77:77:public java.lang.String[] valuesString()
com.modusgo.ubi.PieChartFragment:
    public static final java.lang.String SAVED_VISIBILITIES
    public static final java.lang.String SAVED_VALUES
    public static final java.lang.String SAVED_SUBTITLES
    public static final java.lang.String SAVED_TITLES
    42:48:public PieChartFragment(float[],java.lang.String[],java.lang.String[])
    96:106:private void hideMarker(android.view.View,long)
    109:119:private void showMarker(android.view.View,long)
com.modusgo.ubi.Recall:
    private static final long serialVersionUID
com.modusgo.ubi.RecallActivity:
    public static final java.lang.String EXTRA_RECALL
com.modusgo.ubi.ScoreCirclesActivity:
    public static final java.lang.String SAVED_CIRCLES_BUNDLE
com.modusgo.ubi.ScoreInfoActivity:
    private static final java.lang.String ATTRIBUTE_NAME_VALUE
    private static final java.lang.String ATTRIBUTE_NAME_TITLE
    public static final java.lang.String SAVED_ADDITIONAL_DATA
    public static final java.lang.String SAVED_PERCENTAGE_DATA
com.modusgo.ubi.ScorePieChartActivity:
    public static final java.lang.String SAVED_PIE_CHART_ROAD_SETTINGS
    public static final java.lang.String SAVED_PIE_CHART_ROAD_TYPE
    public static final java.lang.String SAVED_PIE_CHART_TIME_OF_DAY
...
com.google.android.gms.drive.metadata.internal.e:
    public static java.util.Collection gE()
com.google.android.gms.drive.metadata.internal.f:
    protected java.lang.Integer i(android.os.Bundle)
    protected void a(android.os.Bundle,java.lang.Integer)
    protected java.lang.Integer f(com.google.android.gms.common.data.DataHolder,int,int)
    protected synthetic java.lang.Object b(com.google.android.gms.common.data.DataHolder,int,int)
    protected bridge synthetic void a(android.os.Bundle,java.lang.Object)
    protected synthetic java.lang.Object f(android.os.Bundle)
com.google.android.gms.drive.metadata.internal.g:
    protected java.lang.Long j(android.os.Bundle)
    protected void a(android.os.Bundle,java.lang.Long)
    protected java.lang.Long g(com.google.android.gms.common.data.DataHolder,int,int)
    protected synthetic java.lang.Object b(com.google.android.gms.common.data.DataHolder,int,int)
    protected bridge synthetic void a(android.os.Bundle,java.lang.Object)
    protected synthetic java.lang.Object f(android.os.Bundle)
com.google.android.gms.drive.metadata.internal.i:
    protected java.util.Collection k(android.os.Bundle)
    protected void a(android.os.Bundle,java.util.Collection)
    protected bridge synthetic void a(android.os.Bundle,java.lang.Object)
    protected synthetic java.lang.Object f(android.os.Bundle)
com.google.android.gms.drive.metadata.internal.j:
    protected void a(android.os.Bundle,android.os.Parcelable)
    protected android.os.Parcelable l(android.os.Bundle)
    protected bridge synthetic void a(android.os.Bundle,java.lang.Object)
    protected synthetic java.lang.Object f(android.os.Bundle)
com.google.android.gms.drive.metadata.internal.k:
    protected java.util.Collection k(android.os.Bundle)
    protected void a(android.os.Bundle,java.util.Collection)
    protected java.util.Collection c(com.google.android.gms.common.data.DataHolder,int,int)
    public static final java.util.Collection aO(java.lang.String)
    protected synthetic java.lang.Object b(com.google.android.gms.common.data.DataHolder,int,int)
    protected bridge synthetic void a(android.os.Bundle,java.lang.Object)
    protected synthetic java.lang.Object f(android.os.Bundle)
com.google.android.gms.drive.metadata.internal.l:
    protected void a(android.os.Bundle,java.lang.String)
    protected java.lang.String m(android.os.Bundle)
    protected java.lang.String h(com.google.android.gms.common.data.DataHolder,int,int)
    protected synthetic java.lang.Object b(com.google.android.gms.common.data.DataHolder,int,int)
    protected bridge synthetic void a(android.os.Bundle,java.lang.Object)
    protected synthetic java.lang.Object f(android.os.Bundle)
com.google.android.gms.drive.query.Filters
com.google.android.gms.drive.query.Query:
    Query(com.google.android.gms.drive.query.internal.LogicalFilter,java.lang.String,com.google.android.gms.drive.query.SortOrder)
    public com.google.android.gms.drive.query.Filter getFilter()
    public java.lang.String getPageToken()
    public com.google.android.gms.drive.query.SortOrder getSortOrder()
com.google.android.gms.drive.query.Query$Builder
com.google.android.gms.drive.query.SearchableField
com.google.android.gms.drive.query.SortOrder:
    private SortOrder(java.util.List)
    synthetic SortOrder(java.util.List,com.google.android.gms.drive.query.SortOrder$1)
com.google.android.gms.drive.query.SortOrder$1
com.google.android.gms.drive.query.SortOrder$Builder
com.google.android.gms.drive.query.SortableField
com.google.android.gms.drive.query.internal.ComparisonFilter:
    public ComparisonFilter(com.google.android.gms.drive.query.internal.Operator,com.google.android.gms.drive.metadata.SearchableMetadataField,java.lang.Object)
com.google.android.gms.drive.query.internal.FieldOnlyFilter:
    public FieldOnlyFilter(com.google.android.gms.drive.metadata.SearchableMetadataField)